<?xml version="1.0" encoding="UTF-8"?>
<testng-results ignored="0" total="1" passed="1" failed="0" skipped="0">
  <reporter-output>
  </reporter-output>
  <suite started-at="2023-09-05T20:25:08 EDT" name="Default suite" finished-at="2023-09-05T20:25:15 EDT" duration-ms="7370">
    <groups>
    </groups>
    <test started-at="2023-09-05T20:25:08 EDT" name="Default test" finished-at="2023-09-05T20:25:15 EDT" duration-ms="7370">
      <class name="com.amazon.Testscript.BuyMobileiPhone">
        <test-method is-config="true" signature="StartApplication()[pri:0, instance:com.amazon.Testscript.BuyMobileiPhone@78691363]" started-at="2023-09-05T20:25:08 EDT" name="StartApplication" finished-at="2023-09-05T20:25:13 EDT" duration-ms="4658" status="PASS">
          <reporter-output>
          </reporter-output>
        </test-method> <!-- StartApplication -->
        <test-method signature="BuyMobileiPone()[pri:0, instance:com.amazon.Testscript.BuyMobileiPhone@78691363]" started-at="2023-09-05T20:25:13 EDT" name="BuyMobileiPone" finished-at="2023-09-05T20:25:15 EDT" duration-ms="2624" status="PASS">
          <reporter-output>
          </reporter-output>
        </test-method> <!-- BuyMobileiPone -->
        <test-method is-config="true" signature="CloseApp()[pri:0, instance:com.amazon.Testscript.BuyMobileiPhone@78691363]" started-at="2023-09-05T20:25:15 EDT" name="CloseApp" finished-at="2023-09-05T20:25:15 EDT" duration-ms="1" status="PASS">
          <reporter-output>
          </reporter-output>
        </test-method> <!-- CloseApp -->
      </class> <!-- com.amazon.Testscript.BuyMobileiPhone -->
    </test> <!-- Default test -->
  </suite> <!-- Default suite -->
</testng-results>
